生成启动时间为 2020/12/13 18:40:53。
     1>项目“D:\xuyang\kaixin.c\kaixin.c\kaixin.c.vcxproj”在节点 2 上(build 个目标)。
     1>InitializeBuildStatus:
         正在对“Debug\kaixin.c.unsuccessfulbuild”执行 Touch 任务。
       ClCompile:
         C:\Program Files (x86)\Microsoft Visual Studio 10.0\VC\bin\CL.exe /c /ZI /nologo /W3 /WX- /Od /Oy- /D WIN32 /D _DEBUG /D _CONSOLE /D _UNICODE /D UNICODE /Gm /EHsc /RTC1 /MDd /GS /fp:precise /Zc:wchar_t /Zc:forScope /Fo"Debug\\" /Fd"Debug\vc100.pdb" /Gd /TC /analyze- /errorReport:prompt jiayou.c
         jiayou.c
       ManifestResourceCompile:
         所有输出均为最新。
       Link:
         C:\Program Files (x86)\Microsoft Visual Studio 10.0\VC\bin\link.exe /ERRORREPORT:PROMPT /OUT:"D:\xuyang\kaixin.c\Debug\kaixin.c.exe" /INCREMENTAL /NOLOGO kernel32.lib user32.lib gdi32.lib winspool.lib comdlg32.lib advapi32.lib shell32.lib ole32.lib oleaut32.lib uuid.lib odbc32.lib odbccp32.lib /MANIFEST /ManifestFile:"Debug\kaixin.c.exe.intermediate.manifest" /MANIFESTUAC:"level='asInvoker' uiAccess='false'" /DEBUG /PDB:"D:\xuyang\kaixin.c\Debug\kaixin.c.pdb" /SUBSYSTEM:CONSOLE /TLBID:1 /DYNAMICBASE /NXCOMPAT /IMPLIB:"D:\xuyang\kaixin.c\Debug\kaixin.c.lib" /MACHINE:X86 Debug\kaixin.c.exe.embed.manifest.res
         Debug\jiayou.obj
         Debug\kaixin.obj
       Manifest:
         C:\Program Files (x86)\Microsoft SDKs\Windows\v7.0A\bin\mt.exe /nologo /verbose /out:"Debug\kaixin.c.exe.embed.manifest" /manifest Debug\kaixin.c.exe.intermediate.manifest
         所有输出均为最新。
       LinkEmbedManifest:
         所有输出均为最新。
         kaixin.c.vcxproj -> D:\xuyang\kaixin.c\Debug\kaixin.c.exe
       FinalizeBuildStatus:
         正在删除文件“Debug\kaixin.c.unsuccessfulbuild”。
         正在对“Debug\kaixin.c.lastbuildstate”执行 Touch 任务。
     1>已完成生成项目“D:\xuyang\kaixin.c\kaixin.c\kaixin.c.vcxproj”(build 个目标)的操作。

生成成功。

已用时间 00:00:00.79
