生成启动时间为 2020/12/21 15:31:18。
     1>项目“D:\xuyang\zuoye\zuoye\zuoye.vcxproj”在节点 2 上(build 个目标)。
     1>InitializeBuildStatus:
         正在创建“Debug\zuoye.unsuccessfulbuild”，因为已指定“AlwaysCreate”。
       ClCompile:
         C:\Program Files (x86)\Microsoft Visual Studio 10.0\VC\bin\CL.exe /c /ZI /nologo /W3 /WX- /Od /Oy- /D WIN32 /D _DEBUG /D _CONSOLE /D _UNICODE /D UNICODE /Gm /EHsc /RTC1 /MDd /GS /fp:precise /Zc:wchar_t /Zc:forScope /Fo"Debug\\" /Fd"Debug\vc100.pdb" /Gd /TC /analyze- /errorReport:prompt zuoye.c
         zuoye.c
       ManifestResourceCompile:
         所有输出均为最新。
       Link:
         C:\Program Files (x86)\Microsoft Visual Studio 10.0\VC\bin\link.exe /ERRORREPORT:PROMPT /OUT:"D:\xuyang\zuoye\Debug\zuoye.exe" /INCREMENTAL /NOLOGO kernel32.lib user32.lib gdi32.lib winspool.lib comdlg32.lib advapi32.lib shell32.lib ole32.lib oleaut32.lib uuid.lib odbc32.lib odbccp32.lib /MANIFEST /ManifestFile:"Debug\zuoye.exe.intermediate.manifest" /MANIFESTUAC:"level='asInvoker' uiAccess='false'" /DEBUG /PDB:"D:\xuyang\zuoye\Debug\zuoye.pdb" /SUBSYSTEM:CONSOLE /TLBID:1 /DYNAMICBASE /NXCOMPAT /IMPLIB:"D:\xuyang\zuoye\Debug\zuoye.lib" /MACHINE:X86 Debug\zuoye.exe.embed.manifest.res
         Debug\zuoye.obj
       Manifest:
         C:\Program Files (x86)\Microsoft SDKs\Windows\v7.0A\bin\mt.exe /nologo /verbose /out:"Debug\zuoye.exe.embed.manifest" /manifest Debug\zuoye.exe.intermediate.manifest
         所有输出均为最新。
       LinkEmbedManifest:
         所有输出均为最新。
         zuoye.vcxproj -> D:\xuyang\zuoye\Debug\zuoye.exe
       FinalizeBuildStatus:
         正在删除文件“Debug\zuoye.unsuccessfulbuild”。
         正在对“Debug\zuoye.lastbuildstate”执行 Touch 任务。
     1>已完成生成项目“D:\xuyang\zuoye\zuoye\zuoye.vcxproj”(build 个目标)的操作。

生成成功。

已用时间 00:00:00.60
