生成启动时间为 2020/12/7 10:25:16。
     1>项目“D:\xuyang\shijie.c\shijie.c\shijie.c.vcxproj”在节点 2 上(build 个目标)。
     1>PrepareForBuild:
         正在创建目录“D:\xuyang\shijie.c\Debug\”。
       InitializeBuildStatus:
         正在创建“Debug\shijie.c.unsuccessfulbuild”，因为已指定“AlwaysCreate”。
       ClCompile:
         C:\Program Files (x86)\Microsoft Visual Studio 10.0\VC\bin\CL.exe /c /ZI /nologo /W3 /WX- /Od /Oy- /D WIN32 /D _DEBUG /D _CONSOLE /D _UNICODE /D UNICODE /Gm /EHsc /RTC1 /MDd /GS /fp:precise /Zc:wchar_t /Zc:forScope /Fo"Debug\\" /Fd"Debug\vc100.pdb" /Gd /TC /analyze- /errorReport:prompt shijie.c
         shijie.c
     1>d:\xuyang\shijie.c\shijie.c\shijie.c(1): error C2061: 语法错误: 标识符“all”
     1>d:\xuyang\shijie.c\shijie.c\shijie.c(1): error C2059: 语法错误:“;”
     1>d:\xuyang\shijie.c\shijie.c\shijie.c(1): error C2061: 语法错误: 标识符“all”
     1>d:\xuyang\shijie.c\shijie.c\shijie.c(1): error C2059: 语法错误:“;”
     1>d:\xuyang\shijie.c\shijie.c\shijie.c(2): error C2059: 语法错误:“*”
     1>d:\xuyang\shijie.c\shijie.c\shijie.c(2): error C2059: 语法错误:“*”
     1>d:\xuyang\shijie.c\shijie.c\shijie.c(2): warning C4244: “初始化”: 从“double”转换到“int”，可能丢失数据
     1>d:\xuyang\shijie.c\shijie.c\shijie.c(2): error C2059: 语法错误:“*”
     1>d:\xuyang\shijie.c\shijie.c\shijie.c(2): error C2059: 语法错误:“*”
     1>d:\xuyang\shijie.c\shijie.c\shijie.c(2): error C2059: 语法错误:“*”
     1>d:\xuyang\shijie.c\shijie.c\shijie.c(2): error C2099: 初始值设定项不是常量
     1>d:\xuyang\shijie.c\shijie.c\shijie.c(3): error C2143: 语法错误 : 缺少“)”(在“:”的前面)
     1>d:\xuyang\shijie.c\shijie.c\shijie.c(3): error C2059: 语法错误:“)”
     1>d:\xuyang\shijie.c\shijie.c\shijie.c(3): error C2001: 常量中有换行符
     1>d:\xuyang\shijie.c\shijie.c\shijie.c(3): error C2099: 初始值设定项不是常量
     1>d:\xuyang\shijie.c\shijie.c\shijie.c(3): error C2143: 语法错误 : 缺少“;”(在“常量”的前面)
     1>d:\xuyang\shijie.c\shijie.c\shijie.c(4): error C2001: 常量中有换行符
     1>d:\xuyang\shijie.c\shijie.c\shijie.c(4): error C2099: 初始值设定项不是常量
     1>d:\xuyang\shijie.c\shijie.c\shijie.c(4): error C2143: 语法错误 : 缺少“;”(在“常量”的前面)
     1>d:\xuyang\shijie.c\shijie.c\shijie.c(5): error C2001: 常量中有换行符
     1>d:\xuyang\shijie.c\shijie.c\shijie.c(5): error C2099: 初始值设定项不是常量
     1>d:\xuyang\shijie.c\shijie.c\shijie.c(5): error C2143: 语法错误 : 缺少“;”(在“常量”的前面)
     1>d:\xuyang\shijie.c\shijie.c\shijie.c(6): error C2001: 常量中有换行符
     1>d:\xuyang\shijie.c\shijie.c\shijie.c(6): error C2099: 初始值设定项不是常量
     1>d:\xuyang\shijie.c\shijie.c\shijie.c(6): error C2143: 语法错误 : 缺少“;”(在“常量”的前面)
     1>d:\xuyang\shijie.c\shijie.c\shijie.c(8): error C2059: 语法错误:“for”
     1>d:\xuyang\shijie.c\shijie.c\shijie.c(9): error C2063: “Q”: 不是一个函数
     1>d:\xuyang\shijie.c\shijie.c\shijie.c(10): error C2059: 语法错误:“for”
     1>d:\xuyang\shijie.c\shijie.c\shijie.c(11): error C2063: “S”: 不是一个函数
     1>d:\xuyang\shijie.c\shijie.c\shijie.c(12): error C2059: 语法错误:“for”
     1>d:\xuyang\shijie.c\shijie.c\shijie.c(14): error C2059: 语法错误:“for”
     1>d:\xuyang\shijie.c\shijie.c\shijie.c(16): error C2059: 语法错误:“*”
     1>d:\xuyang\shijie.c\shijie.c\shijie.c(17): error C2059: 语法错误:“*”
     1>d:\xuyang\shijie.c\shijie.c\shijie.c(18): error C2059: 语法错误:“*”
     1>d:\xuyang\shijie.c\shijie.c\shijie.c(19): error C2059: 语法错误:“*”
     1>d:\xuyang\shijie.c\shijie.c\shijie.c(20): error C2059: 语法错误:“*”
     1>d:\xuyang\shijie.c\shijie.c\shijie.c(21): error C2059: 语法错误:“^”
     1>d:\xuyang\shijie.c\shijie.c\shijie.c(22): error C2059: 语法错误:“^”
     1>d:\xuyang\shijie.c\shijie.c\shijie.c(23): error C2059: 语法错误:“*”
     1>d:\xuyang\shijie.c\shijie.c\shijie.c(24): error C2059: 语法错误:“^”
     1>d:\xuyang\shijie.c\shijie.c\shijie.c(25): error C2059: 语法错误:“*”
     1>d:\xuyang\shijie.c\shijie.c\shijie.c(26): error C2059: 语法错误:“*”
     1>d:\xuyang\shijie.c\shijie.c\shijie.c(27): error C2059: 语法错误:“*”
     1>d:\xuyang\shijie.c\shijie.c\shijie.c(28): error C2059: 语法错误:“*”
     1>d:\xuyang\shijie.c\shijie.c\shijie.c(29): error C2059: 语法错误:“*”
     1>d:\xuyang\shijie.c\shijie.c\shijie.c(30): error C2059: 语法错误:“/”
     1>d:\xuyang\shijie.c\shijie.c\shijie.c(31): error C2059: 语法错误:“*”
     1>d:\xuyang\shijie.c\shijie.c\shijie.c(32): error C2059: 语法错误:“/”
     1>d:\xuyang\shijie.c\shijie.c\shijie.c(33): error C2099: 初始值设定项不是常量
     1>d:\xuyang\shijie.c\shijie.c\shijie.c(34): error C2059: 语法错误:“*”
     1>d:\xuyang\shijie.c\shijie.c\shijie.c(35): warning C4013: “exp”未定义；假设外部返回 int
     1>d:\xuyang\shijie.c\shijie.c\shijie.c(35): warning C4013: “imag”未定义；假设外部返回 int
     1>d:\xuyang\shijie.c\shijie.c\shijie.c(35): error C2059: 语法错误:“*”
     1>d:\xuyang\shijie.c\shijie.c\shijie.c(36): warning C4013: “abs”未定义；假设外部返回 int
     1>d:\xuyang\shijie.c\shijie.c\shijie.c(36): error C2099: 初始值设定项不是常量
     1>d:\xuyang\shijie.c\shijie.c\shijie.c(37): error C2059: 语法错误:“*”
     1>d:\xuyang\shijie.c\shijie.c\shijie.c(38): warning C4013: “dblquad”未定义；假设外部返回 int
     1>d:\xuyang\shijie.c\shijie.c\shijie.c(38): error C2099: 初始值设定项不是常量
     1>d:\xuyang\shijie.c\shijie.c\shijie.c(40): error C2061: 语法错误: 标识符“filter”
     1>d:\xuyang\shijie.c\shijie.c\shijie.c(40): error C2059: 语法错误:“;”
     1>d:\xuyang\shijie.c\shijie.c\shijie.c(40): error C2059: 语法错误:“^”
     1>d:\xuyang\shijie.c\shijie.c\shijie.c(42): error C2061: 语法错误: 标识符“end”
     1>d:\xuyang\shijie.c\shijie.c\shijie.c(42): error C2059: 语法错误:“;”
     1>d:\xuyang\shijie.c\shijie.c\shijie.c(44): error C2061: 语法错误: 标识符“grid”
     1>d:\xuyang\shijie.c\shijie.c\shijie.c(44): error C2059: 语法错误:“;”
     1>d:\xuyang\shijie.c\shijie.c\shijie.c(44): error C2061: 语法错误: 标识符“on”
     1>d:\xuyang\shijie.c\shijie.c\shijie.c(44): error C2059: 语法错误:“;”
     1>d:\xuyang\shijie.c\shijie.c\shijie.c(46): error C2015: 常量中的字符太多
     1>d:\xuyang\shijie.c\shijie.c\shijie.c(46): error C2143: 语法错误 : 缺少“)”(在“常量”的前面)
     1>d:\xuyang\shijie.c\shijie.c\shijie.c(46): error C2143: 语法错误 : 缺少“{”(在“常量”的前面)
     1>d:\xuyang\shijie.c\shijie.c\shijie.c(46): error C2059: 语法错误:“<未知>”
     1>d:\xuyang\shijie.c\shijie.c\shijie.c(46): error C2015: 常量中的字符太多
     1>d:\xuyang\shijie.c\shijie.c\shijie.c(46): error C2059: 语法错误:“)”
     1>d:\xuyang\shijie.c\shijie.c\shijie.c(47): error C2015: 常量中的字符太多
     1>d:\xuyang\shijie.c\shijie.c\shijie.c(47): error C2015: 常量中的字符太多
     1>已完成生成项目“D:\xuyang\shijie.c\shijie.c\shijie.c.vcxproj”(build 个目标)的操作 - 失败。

生成失败。

已用时间 00:00:00.51
